2017-12-05 18:09:30,607 ERROR b.c.m.p.s.ClassificacaoTributariaService [main] Erro ao salvar ou atualizar uma classificacaoTributaria

=================================================================

java.lang.NullPointerException
	at br.com.mixfiscal.prodspedxnfe.dao.SuperDAO.executarOperacao(SuperDAO.java:150) ~[classes/:?]
	at br.com.mixfiscal.prodspedxnfe.dao.SuperDAO.salvar(SuperDAO.java:46) ~[classes/:?]
	at br.com.mixfiscal.prodspedxnfe.services.ClassificacaoTributariaService.salvar(ClassificacaoTributariaService.java:45) [classes/:?]
	at br.com.mixfiscal.prodspedxnfe.services.relatorio.RelatorioDebitoCreditoTest.testarMetodoPercorrerPlanoExcelParaSalvarNoBD(RelatorioDebitoCreditoTest.java:382) [test-classes/:?]
	at sun.reflect.NativeMethodAccessorImpl.invoke0(Native Method) ~[?:1.8.0_73]
	at sun.reflect.NativeMethodAccessorImpl.invoke(NativeMethodAccessorImpl.java:62) ~[?:1.8.0_73]
	at sun.reflect.DelegatingMethodAccessorImpl.invoke(DelegatingMethodAccessorImpl.java:43) ~[?:1.8.0_73]
	at java.lang.reflect.Method.invoke(Method.java:497) ~[?:1.8.0_73]
	at org.junit.runners.model.FrameworkMethod$1.runReflectiveCall(FrameworkMethod.java:50) [junit-4.12.jar:4.12]
	at org.junit.internal.runners.model.ReflectiveCallable.run(ReflectiveCallable.java:12) [junit-4.12.jar:4.12]
	at org.junit.runners.model.FrameworkMethod.invokeExplosively(FrameworkMethod.java:47) [junit-4.12.jar:4.12]
	at org.junit.internal.runners.statements.InvokeMethod.evaluate(InvokeMethod.java:17) [junit-4.12.jar:4.12]
	at org.junit.internal.runners.statements.RunBefores.evaluate(RunBefores.java:26) [junit-4.12.jar:4.12]
	at org.junit.internal.runners.statements.RunAfters.evaluate(RunAfters.java:27) [junit-4.12.jar:4.12]
	at org.junit.runners.ParentRunner.runLeaf(ParentRunner.java:325) [junit-4.12.jar:4.12]
	at org.junit.runners.BlockJUnit4ClassRunner.runChild(BlockJUnit4ClassRunner.java:78) [junit-4.12.jar:4.12]
	at org.junit.runners.BlockJUnit4ClassRunner.runChild(BlockJUnit4ClassRunner.java:57) [junit-4.12.jar:4.12]
	at org.junit.runners.ParentRunner$3.run(ParentRunner.java:290) [junit-4.12.jar:4.12]
	at org.junit.runners.ParentRunner$1.schedule(ParentRunner.java:71) [junit-4.12.jar:4.12]
	at org.junit.runners.ParentRunner.runChildren(ParentRunner.java:288) [junit-4.12.jar:4.12]
	at org.junit.runners.ParentRunner.access$000(ParentRunner.java:58) [junit-4.12.jar:4.12]
	at org.junit.runners.ParentRunner$2.evaluate(ParentRunner.java:268) [junit-4.12.jar:4.12]
	at org.junit.internal.runners.statements.RunBefores.evaluate(RunBefores.java:26) [junit-4.12.jar:4.12]
	at org.junit.internal.runners.statements.RunAfters.evaluate(RunAfters.java:27) [junit-4.12.jar:4.12]
	at org.junit.runners.ParentRunner.run(ParentRunner.java:363) [junit-4.12.jar:4.12]
	at org.apache.maven.surefire.junit4.JUnit4TestSet.execute(JUnit4TestSet.java:45) [surefire-junit4-2.10.jar:2.10]
	at org.apache.maven.surefire.junit4.JUnit4Provider.executeTestSet(JUnit4Provider.java:123) [surefire-junit4-2.10.jar:2.10]
	at org.apache.maven.surefire.junit4.JUnit4Provider.invoke(JUnit4Provider.java:104) [surefire-junit4-2.10.jar:2.10]
	at sun.reflect.NativeMethodAccessorImpl.invoke0(Native Method) ~[?:1.8.0_73]
	at sun.reflect.NativeMethodAccessorImpl.invoke(NativeMethodAccessorImpl.java:62) ~[?:1.8.0_73]
	at sun.reflect.DelegatingMethodAccessorImpl.invoke(DelegatingMethodAccessorImpl.java:43) ~[?:1.8.0_73]
	at java.lang.reflect.Method.invoke(Method.java:497) ~[?:1.8.0_73]
	at org.apache.maven.surefire.util.ReflectionUtils.invokeMethodWithArray(ReflectionUtils.java:164) [surefire-api-2.10.jar:2.10]
	at org.apache.maven.surefire.booter.ProviderFactory$ProviderProxy.invoke(ProviderFactory.java:110) [surefire-booter-2.10.jar:2.10]
	at org.apache.maven.surefire.booter.SurefireStarter.invokeProvider(SurefireStarter.java:175) [surefire-booter-2.10.jar:2.10]
	at org.apache.maven.surefire.booter.SurefireStarter.runSuitesInProcessWhenForked(SurefireStarter.java:107) [surefire-booter-2.10.jar:2.10]
	at org.apache.maven.surefire.booter.ForkedBooter.main(ForkedBooter.java:68) [surefire-booter-2.10.jar:2.10]
